<?xml version="1.0" encoding="UTF-8"?>
<!-- Generated by org.testng.reporters.JUnitReportReporter -->
<testsuite hostname="HP" failures="0" tests="1" name="com.Flipkart.testCases.TC_LoginTest_001" time="15.191" errors="0" timestamp="2021-03-12T08:17:55 SGT" skipped="0">
  <testcase classname="com.Flipkart.testCases.TC_LoginTest_001" name="loginTest" time="15.191"/>
  <system-out/>
</testsuite> <!-- com.Flipkart.testCases.TC_LoginTest_001 -->
